<?xml version="1.0" encoding="UTF-8"?>
<!-- Generated by org.testng.reporters.JUnitReportReporter -->
<testsuite skipped="0" hostname="ip-172-31-41-241" name="selenium.test" tests="1" failures="0" timestamp="16 Apr 2020 02:48:43 GMT" time="0.020" errors="0">
  <testcase name="hello" time="0.020" classname="selenium.test"/>
</testsuite> <!-- selenium.test -->
